0 info it worked if it ends with ok
1 verbose cli [ 'c:\\Program Files\\iojs\\node.exe',
1 verbose cli   'c:\\Program Files\\iojs\\node_modules\\npm\\bin\\npm-cli.js',
1 verbose cli   'start' ]
2 info using npm@2.11.3
3 info using node@v2.3.1
4 verbose run-script [ 'prestart', 'start', 'poststart' ]
5 info prestart js-test@0.0.1
6 info start js-test@0.0.1
7 verbose unsafe-perm in lifecycle true
8 info js-test@0.0.1 Failed to exec start script
9 verbose stack Error: js-test@0.0.1 start: `node ./server.js`
9 verbose stack Exit status 1
9 verbose stack     at EventEmitter.<anonymous> (c:\Program Files\iojs\node_modules\npm\lib\utils\lifecycle.js:213:16)
9 verbose stack     at emitTwo (events.js:87:13)
9 verbose stack     at EventEmitter.emit (events.js:172:7)
9 verbose stack     at ChildProcess.<anonymous> (c:\Program Files\iojs\node_modules\npm\lib\utils\spawn.js:24:14)
9 verbose stack     at emitTwo (events.js:87:13)
9 verbose stack     at ChildProcess.emit (events.js:172:7)
9 verbose stack     at maybeClose (internal/child_process.js:764:16)
9 verbose stack     at Process.ChildProcess._handle.onexit (internal/child_process.js:211:5)
10 verbose pkgid js-test@0.0.1
11 verbose cwd C:\Users\BB4541\Code\js-test
12 error Windows_NT 6.1.7601
13 error argv "c:\\Program Files\\iojs\\node.exe" "c:\\Program Files\\iojs\\node_modules\\npm\\bin\\npm-cli.js" "start"
14 error node v2.3.1
15 error npm  v2.11.3
16 error code ELIFECYCLE
17 error js-test@0.0.1 start: `node ./server.js`
17 error Exit status 1
18 error Failed at the js-test@0.0.1 start script 'node ./server.js'.
18 error This is most likely a problem with the js-test package,
18 error not with npm itself.
18 error Tell the author that this fails on your system:
18 error     node ./server.js
18 error You can get their info via:
18 error     npm owner ls js-test
18 error There is likely additional logging output above.
19 verbose exit [ 1, true ]
